2025-03-27 10:00:00 INFO Suspicious IP access blocked
2025-03-27 10:00:04 INFO CPU usage at 95%
2025-03-27 10:00:02 INFO Dependency service unreachable
2025-03-27 10:00:15 INFO Brute force protection activated
2025-03-27 10:00:16 INFO Unauthorized access attempt to admin panel
2025-03-27 10:00:25 INFO User session expired
2025-03-27 10:00:06 WARNING Service restarted automatically
2025-03-27 10:00:28 WARNING Database disk space low
2025-03-27 10:00:32 INFO Service restarted automatically
2025-03-27 10:00:18 INFO Failed login attempt detected
2025-03-27 10:00:30 INFO Transaction committed
2025-03-27 10:00:22 INFO Database connection failed
2025-03-27 10:00:36 ERROR API request received: POST /order
2025-03-27 10:00:13 INFO Network latency detected
2025-03-27 10:00:28 INFO Database connection failed
2025-03-27 10:00:45 INFO Service restarted automatically
2025-03-27 10:01:20 INFO Database disk space low
2025-03-27 10:01:25 INFO Unhandled exception in payment module
2025-03-27 10:01:12 ERROR Query executed successfully
2025-03-27 10:00:38 WARNING User logged in
2025-03-27 10:01:00 INFO Dependency service unreachable
2025-03-27 10:01:45 CRITICAL User changed password
2025-03-27 10:01:50 WARNING Suspicious IP access blocked
2025-03-27 10:01:09 CRITICAL Transaction rollback due to deadlock
2025-03-27 10:02:00 WARNING Slow query detected: SELECT * FROM orders
2025-03-27 10:00:50 INFO Dependency service unreachable
2025-03-27 10:01:44 ERROR CPU usage at 95%
2025-03-27 10:00:27 INFO Unauthorized access attempt to admin panel
2025-03-27 10:00:28 INFO API request received: POST /order
2025-03-27 10:01:56 INFO Rate limit exceeded for user
2025-03-27 10:00:30 INFO Dependency service unreachable
2025-03-27 10:02:04 WARNING Rate limit exceeded for user
2025-03-27 10:02:08 INFO User logged out
2025-03-27 10:01:39 ERROR Failed login attempt detected
2025-03-27 10:00:34 INFO Cache miss for user session
2025-03-27 10:02:20 CRITICAL User logged in
2025-03-27 10:03:00 INFO Failed login attempt detected
2025-03-27 10:00:37 INFO Query executed successfully
2025-03-27 10:00:38 INFO Slow query detected: SELECT * FROM orders
2025-03-27 10:03:15 INFO Multiple failed login attempts, account locked
2025-03-27 10:01:20 INFO Unhandled exception in payment module
2025-03-27 10:01:22 WARNING Rate limit exceeded for user
2025-03-27 10:00:42 INFO API request received: POST /order
2025-03-27 10:00:43 WARNING Query executed successfully
2025-03-27 10:02:56 INFO API request received: GET /products
2025-03-27 10:00:45 INFO Service restarted automatically
2025-03-27 10:03:04 INFO Unauthorized access attempt to admin panel
2025-03-27 10:00:47 WARNING User updated profile
2025-03-27 10:01:36 INFO Query executed successfully
2025-03-27 10:03:16 INFO Cache miss for user session
2025-03-27 10:02:30 INFO Failed to load configuration file
2025-03-27 10:03:24 WARNING Transaction committed
2025-03-27 10:04:20 INFO Unauthorized access attempt to admin panel
2025-03-27 10:01:46 WARNING CPU usage at 95%
2025-03-27 10:02:42 INFO Service health check failed
2025-03-27 10:00:55 INFO Disk write failure detected
2025-03-27 10:04:40 INFO Service health check failed
2025-03-27 10:04:45 WARNING User session expired
2025-03-27 10:03:52 INFO User logged in
2025-03-27 10:03:56 INFO User changed password
2025-03-27 10:05:00 INFO Slow query detected: SELECT * FROM orders
2025-03-27 10:04:04 INFO Dependency service unreachable
2025-03-27 10:03:06 CRITICAL Database connection failed
2025-03-27 10:03:09 INFO Database connection established
2025-03-27 10:02:08 INFO Multiple failed login attempts, account locked
2025-03-27 10:01:05 WARNING Network latency detected
2025-03-27 10:02:12 INFO Disk write failure detected
2025-03-27 10:01:07 ERROR Network latency detected
2025-03-27 10:04:32 INFO Transaction committed
2025-03-27 10:05:45 INFO User logged out
2025-03-27 10:04:40 INFO Suspicious IP access blocked
2025-03-27 10:02:22 WARNING Multiple failed login attempts, account locked
2025-03-27 10:04:48 INFO Disk write failure detected
2025-03-27 10:03:39 INFO User logged in
2025-03-27 10:03:42 INFO User logged in
2025-03-27 10:06:15 CRITICAL Cache miss for user session
2025-03-27 10:05:04 INFO API request received: GET /products
2025-03-27 10:02:34 INFO Query executed successfully
2025-03-27 10:02:36 ERROR API request received: POST /order
2025-03-27 10:02:38 ERROR Database connection failed
2025-03-27 10:04:00 INFO Transaction rollback due to deadlock
2025-03-27 10:06:45 ERROR Unauthorized access attempt to admin panel
2025-03-27 10:01:22 INFO Brute force protection activated
2025-03-27 10:02:46 INFO Brute force protection activated
2025-03-27 10:04:12 INFO Brute force protection activated
2025-03-27 10:04:15 INFO User changed password
2025-03-27 10:07:10 INFO Brute force protection activated
2025-03-27 10:04:21 INFO Rate limit exceeded for user
2025-03-27 10:02:56 ERROR Cache miss for user session
2025-03-27 10:07:25 CRITICAL Service health check failed
2025-03-27 10:03:00 WARNING Rate limit exceeded for user
2025-03-27 10:04:33 WARNING Failed login attempt detected
2025-03-27 10:07:40 CRITICAL Database disk space low
2025-03-27 10:07:45 WARNING Disk write failure detected
2025-03-27 10:06:16 INFO Dependency service unreachable
2025-03-27 10:03:10 WARNING Transaction rollback due to deadlock
2025-03-27 10:08:00 INFO Cache miss for user session
2025-03-27 10:01:37 INFO Network latency detected
2025-03-27 10:03:16 INFO Brute force protection activated
2025-03-27 10:06:36 INFO Failed to load configuration file
2025-03-27 10:03:20 WARNING Service health check failed
2025-03-27 10:06:44 WARNING Network latency detected
2025-03-27 10:05:06 INFO Unauthorized access attempt to admin panel
2025-03-27 10:08:35 INFO User session expired
2025-03-27 10:01:44 INFO Service restarted automatically
2025-03-27 10:03:30 ERROR Service restarted automatically
2025-03-27 10:03:32 INFO Network latency detected
2025-03-27 10:07:08 INFO Unauthorized access attempt to admin panel
2025-03-27 10:07:12 INFO Brute force protection activated
2025-03-27 10:07:16 INFO Rate limit exceeded for user
2025-03-27 10:05:30 INFO Dependency service unreachable
2025-03-27 10:09:15 WARNING User changed password
2025-03-27 10:01:52 CRITICAL Memory usage exceeded threshold
2025-03-27 10:05:39 INFO Suspicious IP access blocked
2025-03-27 10:01:54 INFO Query executed successfully
2025-03-27 10:05:45 INFO Failed login attempt detected
2025-03-27 10:09:40 INFO Unhandled exception in payment module
2025-03-27 10:07:48 INFO Disk write failure detected
2025-03-27 10:05:54 INFO Database disk space low
2025-03-27 10:01:59 INFO Brute force protection activated
2025-03-27 10:10:00 INFO Service health check failed
2025-03-27 10:10:05 INFO Disk write failure detected
2025-03-27 10:02:02 CRITICAL Transaction rollback due to deadlock
2025-03-27 10:08:12 ERROR High I/O wait time on primary disk
2025-03-27 10:10:20 CRITICAL Failed to load configuration file
2025-03-27 10:04:10 ERROR Slow query detected: SELECT * FROM orders
2025-03-27 10:02:06 INFO Transaction committed
2025-03-27 10:04:14 INFO Unauthorized access attempt to admin panel
2025-03-27 10:10:40 INFO Dependency service unreachable
2025-03-27 10:04:18 ERROR Brute force protection activated
2025-03-27 10:02:10 INFO Database disk space low
2025-03-27 10:04:22 WARNING Transaction rollback due to deadlock
2025-03-27 10:11:00 ERROR Multiple failed login attempts, account locked
2025-03-27 10:08:52 INFO High I/O wait time on primary disk
2025-03-27 10:11:10 ERROR Slow query detected: SELECT * FROM orders
2025-03-27 10:11:15 INFO Transaction committed
2025-03-27 10:06:48 INFO Query executed successfully
2025-03-27 10:02:17 INFO Brute force protection activated
2025-03-27 10:04:36 INFO Service restarted automatically
2025-03-27 10:09:16 INFO Network latency detected
2025-03-27 10:07:00 CRITICAL CPU usage at 95%
2025-03-27 10:11:45 INFO User changed password
2025-03-27 10:09:28 ERROR Failed login attempt detected
2025-03-27 10:04:46 WARNING High I/O wait time on primary disk
2025-03-27 10:02:24 INFO High I/O wait time on primary disk
2025-03-27 10:12:05 INFO Transaction rollback due to deadlock
2025-03-27 10:09:44 INFO Service restarted automatically
2025-03-27 10:07:21 INFO Dependency service unreachable
2025-03-27 10:04:56 INFO Transaction rollback due to deadlock
2025-03-27 10:09:56 INFO User changed password
2025-03-27 10:07:30 INFO User changed password
2025-03-27 10:05:02 INFO Unauthorized access attempt to admin panel
2025-03-27 10:05:04 INFO User updated profile
2025-03-27 10:05:06 WARNING Database connection established
2025-03-27 10:12:50 INFO User logged out
2025-03-27 10:07:45 INFO Slow query detected: SELECT * FROM orders
2025-03-27 10:05:12 INFO Brute force protection activated
2025-03-27 10:10:28 ERROR Database disk space low
2025-03-27 10:10:32 INFO Slow query detected: SELECT * FROM orders
2025-03-27 10:10:36 INFO CPU usage at 95%
2025-03-27 10:10:40 ERROR Slow query detected: SELECT * FROM orders
2025-03-27 10:08:03 ERROR Multiple failed login attempts, account locked
2025-03-27 10:05:24 CRITICAL Network latency detected
2025-03-27 10:08:09 INFO Database disk space low
2025-03-27 10:10:56 INFO Memory usage exceeded threshold
2025-03-27 10:02:45 INFO User changed password
2025-03-27 10:08:18 INFO Database disk space low
2025-03-27 10:05:34 ERROR Multiple failed login attempts, account locked
2025-03-27 10:05:36 INFO Unauthorized access attempt to admin panel
2025-03-27 10:02:49 INFO Rate limit exceeded for user
2025-03-27 10:14:10 INFO Cache miss for user session
2025-03-27 10:08:33 INFO Memory usage exceeded threshold
2025-03-27 10:14:20 INFO Query executed successfully
2025-03-27 10:14:25 INFO Cache miss for user session
2025-03-27 10:11:36 WARNING Memory usage exceeded threshold
2025-03-27 10:11:40 INFO Database disk space low
2025-03-27 10:14:40 INFO Transaction rollback due to deadlock
2025-03-27 10:11:48 ERROR Service health check failed
2025-03-27 10:02:58 ERROR Transaction rollback due to deadlock
2025-03-27 10:05:58 INFO Database disk space low
2025-03-27 10:09:00 INFO Transaction rollback due to deadlock
2025-03-27 10:12:04 INFO Unhandled exception in payment module
2025-03-27 10:03:02 WARNING Transaction committed
2025-03-27 10:06:06 WARNING API request received: POST /order
2025-03-27 10:09:12 INFO Database connection failed
2025-03-27 10:06:10 INFO User updated profile
2025-03-27 10:15:30 INFO Failed to load configuration file
2025-03-27 10:09:21 INFO Database connection established
2025-03-27 10:15:40 INFO API request received: GET /products
2025-03-27 10:15:45 CRITICAL Service health check failed
2025-03-27 10:06:20 INFO Database connection failed
2025-03-27 10:03:11 INFO Transaction committed
2025-03-27 10:06:24 WARNING Transaction rollback due to deadlock
2025-03-27 10:16:05 WARNING User logged out
2025-03-27 10:16:10 INFO Failed login attempt detected
2025-03-27 10:06:30 INFO API request received: GET /products
2025-03-27 10:13:04 INFO High I/O wait time on primary disk
2025-03-27 10:06:34 WARNING User logged out
2025-03-27 10:16:30 INFO API request received: GET /products
2025-03-27 10:13:16 INFO Memory usage exceeded threshold
2025-03-27 10:03:20 INFO Slow query detected: SELECT * FROM orders
2025-03-27 10:03:21 ERROR Memory usage exceeded threshold
2025-03-27 10:10:06 WARNING Database disk space low
2025-03-27 10:10:09 INFO Database disk space low
2025-03-27 10:13:36 INFO User changed password
2025-03-27 10:17:05 CRITICAL User logged in
2025-03-27 10:10:18 INFO High I/O wait time on primary disk
2025-03-27 10:13:48 INFO Unauthorized access attempt to admin panel
2025-03-27 10:10:24 INFO Disk write failure detected
2025-03-27 10:13:56 INFO High I/O wait time on primary disk
2025-03-27 10:17:30 INFO Cache miss for user session
2025-03-27 10:17:35 ERROR User changed password
2025-03-27 10:10:36 INFO Rate limit exceeded for user
2025-03-27 10:07:06 INFO Memory usage exceeded threshold
2025-03-27 10:14:16 CRITICAL High I/O wait time on primary disk
2025-03-27 10:03:35 INFO High I/O wait time on primary disk
2025-03-27 10:07:12 INFO Service restarted automatically
2025-03-27 10:14:28 INFO Multiple failed login attempts, account locked
2025-03-27 10:14:32 WARNING Transaction committed
2025-03-27 10:03:39 WARNING User logged in
2025-03-27 10:11:00 INFO Unauthorized access attempt to admin panel
2025-03-27 10:14:44 INFO Transaction committed
2025-03-27 10:11:06 WARNING Unauthorized access attempt to admin panel
2025-03-27 10:11:09 INFO User updated profile
2025-03-27 10:14:56 INFO API request received: POST /order
2025-03-27 10:18:45 INFO Memory usage exceeded threshold
2025-03-27 10:03:46 INFO Dependency service unreachable
2025-03-27 10:18:55 INFO Brute force protection activated
2025-03-27 10:15:12 WARNING Service restarted automatically
2025-03-27 10:15:16 INFO Cache miss for user session
2025-03-27 10:11:30 WARNING Memory usage exceeded threshold
2025-03-27 10:03:51 ERROR API request received: GET /products
2025-03-27 10:11:36 WARNING Database disk space low
2025-03-27 10:03:53 INFO User session expired
2025-03-27 10:15:36 INFO Suspicious IP access blocked
2025-03-27 10:03:55 INFO Disk write failure detected
2025-03-27 10:15:44 INFO Failed login attempt detected
2025-03-27 10:03:57 WARNING User updated profile
2025-03-27 10:19:50 WARNING Failed to load configuration file
2025-03-27 10:03:59 WARNING User logged in
2025-03-27 10:04:00 INFO User updated profile
2025-03-27 10:20:05 INFO User logged out
2025-03-27 10:20:10 INFO CPU usage at 95%
2025-03-27 10:20:15 WARNING Rate limit exceeded for user
2025-03-27 10:08:08 INFO User session expired
2025-03-27 10:12:15 WARNING API request received: GET /products
2025-03-27 10:12:18 WARNING High I/O wait time on primary disk
2025-03-27 10:20:35 INFO API request received: POST /order
2025-03-27 10:16:32 INFO Network latency detected
2025-03-27 10:16:36 ERROR API request received: GET /products
2025-03-27 10:04:10 INFO Cache miss for user session
2025-03-27 10:20:55 INFO API request received: GET /products
2025-03-27 10:04:12 WARNING Unhandled exception in payment module
2025-03-27 10:04:13 INFO Rate limit exceeded for user
2025-03-27 10:08:28 INFO Memory usage exceeded threshold
2025-03-27 10:17:00 INFO Dependency service unreachable
2025-03-27 10:08:32 INFO Database connection established
2025-03-27 10:08:34 INFO API request received: GET /products
2025-03-27 10:12:54 WARNING Database disk space low
2025-03-27 10:12:57 WARNING Unauthorized access attempt to admin panel
2025-03-27 10:13:00 INFO User updated profile
2025-03-27 10:04:21 INFO Database connection failed
2025-03-27 10:13:06 ERROR API request received: POST /order
2025-03-27 10:04:23 INFO Network latency detected
2025-03-27 10:08:48 INFO Unauthorized access attempt to admin panel
2025-03-27 10:08:50 INFO Failed to load configuration file
2025-03-27 10:17:44 INFO Disk write failure detected
2025-03-27 10:13:21 INFO Query executed successfully
2025-03-27 10:04:28 INFO Transaction committed
2025-03-27 10:22:25 WARNING Memory usage exceeded threshold
2025-03-27 10:09:00 INFO Unhandled exception in payment module
2025-03-27 10:18:04 INFO User updated profile
2025-03-27 10:09:04 INFO User updated profile
2025-03-27 10:13:39 INFO Failed login attempt detected
2025-03-27 10:13:42 INFO Failed login attempt detected
2025-03-27 10:04:35 INFO Rate limit exceeded for user
2025-03-27 10:09:12 INFO User changed password
2025-03-27 10:23:05 INFO High I/O wait time on primary disk
2025-03-27 10:04:38 WARNING API request received: GET /products
2025-03-27 10:18:36 INFO Brute force protection activated
2025-03-27 10:09:20 INFO Database disk space low
2025-03-27 10:18:44 CRITICAL Brute force protection activated
2025-03-27 10:23:30 INFO Disk write failure detected
2025-03-27 10:14:09 INFO Unauthorized access attempt to admin panel
2025-03-27 10:23:40 INFO Database disk space low
2025-03-27 10:09:30 ERROR Dependency service unreachable
2025-03-27 10:23:50 INFO User updated profile
2025-03-27 10:14:21 CRITICAL Dependency service unreachable
2025-03-27 10:04:48 INFO User session expired
2025-03-27 10:19:16 ERROR Disk write failure detected
2025-03-27 10:24:10 INFO Multiple failed login attempts, account locked
2025-03-27 10:09:42 INFO User logged in
2025-03-27 10:09:44 WARNING User changed password
2025-03-27 10:24:25 WARNING Transaction rollback due to deadlock
2025-03-27 10:04:54 INFO Disk write failure detected
2025-03-27 10:04:55 INFO Failed login attempt detected
2025-03-27 10:09:52 INFO Transaction rollback due to deadlock
2025-03-27 10:09:54 WARNING High I/O wait time on primary disk
2025-03-27 10:14:54 INFO Failed to load configuration file
2025-03-27 10:09:58 INFO Failed to load configuration file
2025-03-27 10:15:00 INFO Failed to load configuration file
2025-03-27 10:25:05 INFO Service health check failed
2025-03-27 10:10:04 INFO Failed login attempt detected
2025-03-27 10:25:15 CRITICAL Unauthorized access attempt to admin panel
2025-03-27 10:10:08 INFO API request received: GET /products
2025-03-27 10:05:05 INFO Database disk space low
2025-03-27 10:15:18 WARNING Service health check failed
2025-03-27 10:05:07 ERROR Failed to load configuration file
2025-03-27 10:25:40 WARNING Multiple failed login attempts, account locked
2025-03-27 10:20:36 INFO Cache miss for user session
2025-03-27 10:15:30 INFO Brute force protection activated
2025-03-27 10:25:55 WARNING Query executed successfully
2025-03-27 10:20:48 INFO Unauthorized access attempt to admin panel
2025-03-27 10:15:39 INFO User logged in
2025-03-27 10:05:14 INFO Brute force protection activated
2025-03-27 10:15:45 CRITICAL CPU usage at 95%
2025-03-27 10:26:20 INFO Slow query detected: SELECT * FROM orders
2025-03-27 10:05:17 INFO Service health check failed
2025-03-27 10:21:12 INFO Service restarted automatically
2025-03-27 10:15:57 ERROR Query executed successfully
2025-03-27 10:16:00 INFO Failed to load configuration file
2025-03-27 10:10:42 INFO Unauthorized access attempt to admin panel
2025-03-27 10:21:28 INFO Failed login attempt detected
2025-03-27 10:05:23 INFO User updated profile
2025-03-27 10:21:36 CRITICAL Cache miss for user session
2025-03-27 10:27:05 WARNING Network latency detected
2025-03-27 10:10:52 INFO High I/O wait time on primary disk
2025-03-27 10:27:15 INFO Cache miss for user session
2025-03-27 10:05:28 INFO Query executed successfully
2025-03-27 10:27:25 ERROR API request received: POST /order
2025-03-27 10:22:00 WARNING Brute force protection activated
2025-03-27 10:16:33 ERROR User changed password
2025-03-27 10:22:08 WARNING High I/O wait time on primary disk
2025-03-27 10:05:33 INFO API request received: POST /order
2025-03-27 10:16:42 INFO User logged out
2025-03-27 10:11:10 INFO User logged out
2025-03-27 10:28:00 INFO Transaction rollback due to deadlock
2025-03-27 10:22:28 WARNING High I/O wait time on primary disk
2025-03-27 10:22:32 INFO API request received: GET /products
2025-03-27 10:11:18 INFO Transaction committed
2025-03-27 10:11:20 WARNING Transaction rollback due to deadlock
2025-03-27 10:28:25 WARNING CPU usage at 95%
2025-03-27 10:11:24 INFO Database connection failed
2025-03-27 10:28:35 ERROR Database disk space low
2025-03-27 10:05:44 WARNING Query executed successfully
2025-03-27 10:28:45 INFO Dependency service unreachable
2025-03-27 10:05:46 INFO Service health check failed
2025-03-27 10:11:34 INFO Database connection established
2025-03-27 10:29:00 ERROR Failed to load configuration file
2025-03-27 10:11:38 INFO User logged in
2025-03-27 10:11:40 INFO API request received: POST /order
2025-03-27 10:23:24 INFO Service restarted automatically
2025-03-27 10:17:36 INFO Slow query detected: SELECT * FROM orders
2025-03-27 10:11:46 INFO Network latency detected
2025-03-27 10:11:48 INFO User updated profile
2025-03-27 10:17:45 INFO Service restarted automatically
2025-03-27 10:23:44 INFO API request received: POST /order
2025-03-27 10:23:48 INFO Unhandled exception in payment module
2025-03-27 10:29:50 INFO High I/O wait time on primary disk
2025-03-27 10:17:57 INFO High I/O wait time on primary disk
2025-03-27 10:18:00 INFO User logged out
2025-03-27 10:30:05 INFO Memory usage exceeded threshold
2025-03-27 10:12:04 INFO API request received: GET /products
2025-03-27 10:06:03 INFO Brute force protection activated
2025-03-27 10:30:20 INFO User logged out
2025-03-27 10:12:10 INFO Query executed successfully
2025-03-27 10:24:24 INFO Service restarted automatically
2025-03-27 10:18:21 INFO Dependency service unreachable
2025-03-27 10:06:08 INFO Service health check failed
2025-03-27 10:12:18 INFO Service health check failed
2025-03-27 10:12:20 INFO Multiple failed login attempts, account locked
2025-03-27 10:24:44 INFO Suspicious IP access blocked
2025-03-27 10:31:00 INFO Rate limit exceeded for user
2025-03-27 10:12:26 CRITICAL Cache miss for user session
2025-03-27 10:18:42 INFO Service health check failed
2025-03-27 10:12:30 INFO Network latency detected
2025-03-27 10:06:16 INFO Transaction rollback due to deadlock
2025-03-27 10:18:51 INFO Transaction rollback due to deadlock
2025-03-27 10:06:18 INFO Cache miss for user session
2025-03-27 10:06:19 INFO User logged in
2025-03-27 10:06:20 INFO Multiple failed login attempts, account locked
2025-03-27 10:31:45 WARNING CPU usage at 95%
2025-03-27 10:06:22 INFO Database connection established
2025-03-27 10:06:23 ERROR Database connection established
2025-03-27 10:32:00 INFO API request received: GET /products
2025-03-27 10:06:25 WARNING Multiple failed login attempts, account locked
2025-03-27 10:12:52 INFO Suspicious IP access blocked
2025-03-27 10:19:21 INFO High I/O wait time on primary disk
2025-03-27 10:12:56 INFO API request received: POST /order
2025-03-27 10:19:27 INFO Rate limit exceeded for user
2025-03-27 10:26:00 INFO Unhandled exception in payment module
2025-03-27 10:06:31 INFO User logged in
2025-03-27 10:32:40 INFO Disk write failure detected
2025-03-27 10:19:39 WARNING Disk write failure detected
2025-03-27 10:13:08 INFO Suspicious IP access blocked
2025-03-27 10:32:55 INFO Brute force protection activated
2025-03-27 10:33:00 INFO Brute force protection activated
2025-03-27 10:06:37 ERROR User changed password
2025-03-27 10:19:54 INFO API request received: POST /order
2025-03-27 10:26:36 CRITICAL User logged in
2025-03-27 10:26:40 INFO Network latency detected
2025-03-27 10:33:25 INFO High I/O wait time on primary disk
2025-03-27 10:06:42 INFO Disk write failure detected
2025-03-27 10:20:09 INFO Unhandled exception in payment module
2025-03-27 10:26:56 INFO CPU usage at 95%
2025-03-27 10:13:30 INFO Rate limit exceeded for user
2025-03-27 10:33:50 INFO Multiple failed login attempts, account locked
2025-03-27 10:27:08 INFO Transaction rollback due to deadlock
2025-03-27 10:34:00 INFO Brute force protection activated
2025-03-27 10:13:38 ERROR User changed password
2025-03-27 10:27:20 INFO Database disk space low
2025-03-27 10:27:24 INFO User changed password
2025-03-27 10:13:44 INFO User logged in
2025-03-27 10:27:32 INFO Database connection established
2025-03-27 10:13:48 INFO CPU usage at 95%
2025-03-27 10:27:40 INFO Failed login attempt detected
2025-03-27 10:06:56 INFO Memory usage exceeded threshold
2025-03-27 10:06:57 INFO Slow query detected: SELECT * FROM orders
2025-03-27 10:34:50 INFO Cache miss for user session
2025-03-27 10:34:55 ERROR User changed password
2025-03-27 10:07:00 INFO Query executed successfully
2025-03-27 10:21:03 INFO Query executed successfully
2025-03-27 10:21:06 INFO Memory usage exceeded threshold
2025-03-27 10:14:06 ERROR Unhandled exception in payment module
2025-03-27 10:14:08 INFO CPU usage at 95%
2025-03-27 10:28:20 ERROR CPU usage at 95%
2025-03-27 10:07:06 WARNING Rate limit exceeded for user
2025-03-27 10:28:28 WARNING Brute force protection activated
2025-03-27 10:14:16 INFO Database disk space low
2025-03-27 10:07:09 INFO Database disk space low
2025-03-27 10:28:40 ERROR Memory usage exceeded threshold
2025-03-27 10:07:11 INFO Dependency service unreachable
2025-03-27 10:21:36 CRITICAL Network latency detected
2025-03-27 10:36:05 INFO Service health check failed
2025-03-27 10:36:10 CRITICAL Database connection established
2025-03-27 10:07:15 ERROR Rate limit exceeded for user
2025-03-27 10:14:32 INFO Failed login attempt detected
2025-03-27 10:07:17 INFO API request received: POST /order
2025-03-27 10:14:36 INFO Transaction rollback due to deadlock
2025-03-27 10:29:16 INFO User session expired
2025-03-27 10:14:40 INFO Service restarted automatically
2025-03-27 10:22:03 INFO Disk write failure detected
2025-03-27 10:22:06 INFO Unhandled exception in payment module
2025-03-27 10:22:09 INFO Memory usage exceeded threshold
2025-03-27 10:37:00 INFO Failed to load configuration file
2025-03-27 10:07:25 INFO Brute force protection activated
2025-03-27 10:37:10 ERROR Transaction rollback due to deadlock
2025-03-27 10:22:21 INFO User logged out
2025-03-27 10:22:24 INFO Failed login attempt detected
2025-03-27 10:22:27 INFO Network latency detected
2025-03-27 10:22:30 INFO Query executed successfully
2025-03-27 10:15:02 CRITICAL User updated profile
2025-03-27 10:30:08 INFO User logged out
2025-03-27 10:07:33 ERROR User updated profile
2025-03-27 10:37:50 INFO Failed to load configuration file
2025-03-27 10:15:10 INFO High I/O wait time on primary disk
2025-03-27 10:15:12 INFO Dependency service unreachable
2025-03-27 10:15:14 INFO User logged out
2025-03-27 10:38:10 INFO Query executed successfully
2025-03-27 10:38:15 INFO API request received: GET /products
2025-03-27 10:38:20 INFO Dependency service unreachable
2025-03-27 10:38:25 INFO Cache miss for user session
2025-03-27 10:38:30 INFO Slow query detected: SELECT * FROM orders
2025-03-27 10:30:52 INFO API request received: POST /order
2025-03-27 10:23:12 WARNING Service restarted automatically
2025-03-27 10:38:45 INFO Rate limit exceeded for user
2025-03-27 10:38:50 INFO Disk write failure detected
2025-03-27 10:15:34 INFO CPU usage at 95%
2025-03-27 10:23:24 INFO Query executed successfully
2025-03-27 10:07:49 INFO Service health check failed
2025-03-27 10:07:50 INFO Dependency service unreachable
2025-03-27 10:23:33 INFO API request received: POST /order
2025-03-27 10:15:44 INFO Database disk space low
2025-03-27 10:39:25 INFO Brute force protection activated
2025-03-27 10:15:48 ERROR Cache miss for user session
2025-03-27 10:39:35 INFO Suspicious IP access blocked
2025-03-27 10:39:40 INFO API request received: POST /order
2025-03-27 10:15:54 INFO API request received: GET /products
2025-03-27 10:07:58 INFO Slow query detected: SELECT * FROM orders
2025-03-27 10:31:56 INFO User logged in
2025-03-27 10:24:00 INFO Database connection failed
2025-03-27 10:08:01 WARNING Slow query detected: SELECT * FROM orders
2025-03-27 10:24:06 INFO Service restarted automatically
2025-03-27 10:24:09 INFO API request received: POST /order
2025-03-27 10:16:08 INFO User session expired
2025-03-27 10:08:05 INFO Transaction rollback due to deadlock
2025-03-27 10:40:30 INFO API request received: GET /products
2025-03-27 10:16:14 ERROR API request received: GET /products
2025-03-27 10:40:40 WARNING User updated profile
2025-03-27 10:24:27 ERROR Memory usage exceeded threshold
2025-03-27 10:16:20 INFO Dependency service unreachable
2025-03-27 10:16:22 INFO Transaction committed
2025-03-27 10:41:00 INFO Slow query detected: SELECT * FROM orders
2025-03-27 10:41:05 ERROR Transaction committed
2025-03-27 10:08:14 INFO Slow query detected: SELECT * FROM orders
2025-03-27 10:33:00 ERROR User logged in
2025-03-27 10:33:04 INFO Service health check failed
2025-03-27 10:33:08 INFO High I/O wait time on primary disk
2025-03-27 10:08:18 CRITICAL Network latency detected
2025-03-27 10:41:35 WARNING Disk write failure detected
2025-03-27 10:33:20 INFO User session expired
2025-03-27 10:33:24 INFO Database disk space low
2025-03-27 10:33:28 WARNING User session expired
2025-03-27 10:25:09 INFO Failed to load configuration file
2025-03-27 10:16:48 WARNING User logged in
2025-03-27 10:16:50 INFO Brute force protection activated
2025-03-27 10:25:18 INFO Transaction committed
2025-03-27 10:08:27 WARNING Cache miss for user session
2025-03-27 10:25:24 WARNING API request received: POST /order
2025-03-27 10:33:56 INFO Network latency detected
2025-03-27 10:08:30 CRITICAL Multiple failed login attempts, account locked
2025-03-27 10:08:31 INFO Dependency service unreachable
2025-03-27 10:08:32 INFO Failed to load configuration file
2025-03-27 10:08:33 INFO User session expired
2025-03-27 10:08:34 ERROR User logged in
2025-03-27 10:42:55 INFO Suspicious IP access blocked
2025-03-27 10:17:12 WARNING Service health check failed
2025-03-27 10:34:28 WARNING Memory usage exceeded threshold
2025-03-27 10:43:10 CRITICAL Database connection failed
2025-03-27 10:25:57 CRITICAL Query executed successfully
2025-03-27 10:43:20 INFO API request received: GET /products
2025-03-27 10:34:44 INFO Failed login attempt detected
2025-03-27 10:26:06 INFO Memory usage exceeded threshold
2025-03-27 10:17:26 INFO User changed password
2025-03-27 10:43:40 INFO Slow query detected: SELECT * FROM orders
2025-03-27 10:17:30 WARNING Network latency detected
2025-03-27 10:08:46 WARNING Network latency detected
2025-03-27 10:17:34 INFO Database connection failed
2025-03-27 10:17:36 INFO Rate limit exceeded for user
2025-03-27 10:17:38 INFO Rate limit exceeded for user
2025-03-27 10:35:20 WARNING Database connection failed
2025-03-27 10:17:42 INFO Network latency detected
2025-03-27 10:26:36 WARNING Query executed successfully
2025-03-27 10:35:32 INFO Multiple failed login attempts, account locked
2025-03-27 10:26:42 INFO Suspicious IP access blocked
2025-03-27 10:08:55 INFO CPU usage at 95%
2025-03-27 10:26:48 INFO User updated profile
2025-03-27 10:08:57 INFO Failed to load configuration file
2025-03-27 10:35:52 INFO API request received: POST /order
2025-03-27 10:17:58 INFO Dependency service unreachable
2025-03-27 10:45:00 INFO Unauthorized access attempt to admin panel
2025-03-27 10:36:04 INFO Dependency service unreachable
2025-03-27 10:27:06 INFO High I/O wait time on primary disk
2025-03-27 10:18:06 INFO Dependency service unreachable
2025-03-27 10:09:04 INFO Database disk space low
2025-03-27 10:27:15 INFO User session expired
2025-03-27 10:09:06 INFO Failed login attempt detected
2025-03-27 10:09:07 WARNING API request received: POST /order
2025-03-27 10:09:08 INFO Slow query detected: SELECT * FROM orders
2025-03-27 10:36:36 INFO API request received: GET /products
2025-03-27 10:09:10 ERROR Disk write failure detected
2025-03-27 10:09:11 INFO Unhandled exception in payment module
2025-03-27 10:18:24 ERROR Brute force protection activated
2025-03-27 10:18:26 CRITICAL User logged out
2025-03-27 10:27:42 INFO Rate limit exceeded for user
2025-03-27 10:46:15 INFO Rate limit exceeded for user
2025-03-27 10:18:32 WARNING Rate limit exceeded for user
2025-03-27 10:09:17 INFO Unauthorized access attempt to admin panel
2025-03-27 10:46:30 INFO Database disk space low
2025-03-27 10:27:57 WARNING Query executed successfully
2025-03-27 10:28:00 INFO Disk write failure detected
2025-03-27 10:09:21 INFO Dependency service unreachable
2025-03-27 10:09:22 INFO User logged out
2025-03-27 10:18:46 CRITICAL High I/O wait time on primary disk
2025-03-27 10:09:24 ERROR Network latency detected
2025-03-27 10:18:50 INFO Brute force protection activated
2025-03-27 10:47:10 INFO Database disk space low
2025-03-27 10:18:54 INFO User session expired
2025-03-27 10:37:52 INFO User logged out
2025-03-27 10:47:25 INFO Database connection failed
2025-03-27 10:38:00 INFO User changed password
2025-03-27 10:28:33 WARNING Unhandled exception in payment module
2025-03-27 10:19:04 INFO Unhandled exception in payment module
2025-03-27 10:19:06 WARNING API request received: POST /order
2025-03-27 10:19:08 INFO User updated profile
2025-03-27 10:47:55 INFO Unhandled exception in payment module
2025-03-27 10:38:24 WARNING CPU usage at 95%
2025-03-27 10:48:05 ERROR Network latency detected
2025-03-27 10:28:54 ERROR User logged in
2025-03-27 10:38:36 INFO Database disk space low
2025-03-27 10:29:00 INFO Unauthorized access attempt to admin panel
2025-03-27 10:09:41 INFO Brute force protection activated
2025-03-27 10:38:48 WARNING Transaction rollback due to deadlock
2025-03-27 10:48:35 INFO Failed to load configuration file
2025-03-27 10:19:28 INFO Multiple failed login attempts, account locked
2025-03-27 10:29:15 ERROR User updated profile
2025-03-27 10:48:50 INFO Unauthorized access attempt to admin panel
2025-03-27 10:48:55 CRITICAL Query executed successfully
2025-03-27 10:09:48 WARNING Database disk space low
2025-03-27 10:09:49 WARNING Query executed successfully
2025-03-27 10:09:50 INFO Memory usage exceeded threshold
2025-03-27 10:39:24 INFO User logged in
2025-03-27 10:19:44 INFO Database connection established
2025-03-27 10:39:32 WARNING API request received: GET /products
2025-03-27 10:19:48 INFO Unhandled exception in payment module
2025-03-27 10:29:45 INFO Transaction committed
2025-03-27 10:29:48 INFO Query executed successfully
2025-03-27 10:09:57 ERROR Service health check failed
2025-03-27 10:49:50 WARNING High I/O wait time on primary disk
2025-03-27 10:19:58 INFO Unhandled exception in payment module
2025-03-27 10:10:00 INFO User changed password
2025-03-27 10:10:01 INFO Transaction committed
2025-03-27 10:50:10 INFO Cache miss for user session
2025-03-27 10:10:03 INFO Multiple failed login attempts, account locked
2025-03-27 10:10:04 INFO API request received: POST /order
2025-03-27 10:50:25 INFO Suspicious IP access blocked
2025-03-27 10:40:24 INFO Cache miss for user session
2025-03-27 10:20:14 INFO Dependency service unreachable
2025-03-27 10:30:24 INFO Dependency service unreachable
2025-03-27 10:30:27 INFO Failed to load configuration file
